#
# There is insufficient memory for the Java Runtime Environment to continue.
# Native memory allocation (malloc) failed to allocate 1048576 bytes. Error detail: AllocateHeap
# Possible reasons:
#   The system is out of physical RAM or swap space
#   This process is running with CompressedOops enabled, and the Java Heap may be blocking the growth of the native heap
# Possible solutions:
#   Reduce memory load on the system
#   Increase physical memory or swap space
#   Check if swap backing store is full
#   Decrease Java heap size (-Xmx/-Xms)
#   Decrease number of Java threads
#   Decrease Java thread stack sizes (-Xss)
#   Set larger code cache with -XX:ReservedCodeCacheSize=
#   JVM is running with Unscaled Compressed Oops mode in which the Java heap is
#     placed in the first 4GB address space. The Java Heap base address is the
#     maximum limit for the native heap growth. Please use -XX:HeapBaseMinAddress
#     to set the Java Heap base and to place the Java Heap above 4GB virtual address.
# This output file may be truncated or incomplete.
#
#  Out of Memory Error (allocation.cpp:44), pid=8516, tid=18140
#
# JRE version:  (24.0.2+12) (build )
# Java VM: Java HotSpot(TM) 64-Bit Server VM (24.0.2+12-54, mixed mode, sharing, tiered, compressed oops, compressed class ptrs, g1 gc, windows-amd64)
# No core dump will be written. Minidumps are not enabled by default on client versions of Windows
#

---------------  S U M M A R Y ------------

Command Line: --enable-preview -XX:+ShowCodeDetailsInExceptionMessages jobsheet5.ifCetakKRSNoPresensi

Host: AMD Ryzen 3 3250U with Radeon Graphics         , 4 cores, 3G,  Windows 11 , 64 bit Build 26100 (10.0.26100.5074)
Time: Thu Oct  2 11:09:47 2025 SE Asia Standard Time elapsed time: 0.164490 seconds (0d 0h 0m 0s)

---------------  T H R E A D  ---------------

Current thread (0x0000023a697cf350):  JavaThread "Unknown thread" [_thread_in_vm, id=18140, stack(0x000000a366a00000,0x000000a366b00000) (1024K)]

Stack: [0x000000a366a00000,0x000000a366b00000]
Native frames: (J=compiled Java code, j=interpreted, Vv=VM code, C=native code)
V  [jvm.dll+0x730829]  (no source info available)
V  [jvm.dll+0x8d9da3]  (no source info available)
V  [jvm.dll+0x8dc28d]  (no source info available)
V  [jvm.dll+0x8dc903]  (no source info available)
V  [jvm.dll+0x2a9f56]  (no source info available)
V  [jvm.dll+0xbea27]  (no source info available)
V  [jvm.dll+0x35ad78]  (no source info available)
V  [jvm.dll+0x89d4d3]  (no source info available)
V  [jvm.dll+0x3f979d]  (no source info available)
V  [jvm.dll+0x885b66]  (no source info available)
V  [jvm.dll+0x495e7e]  (no source info available)
V  [jvm.dll+0x497c51]  (no source info available)
C  [jli.dll+0x52a1]  (no source info available)
C  [ucrtbase.dll+0x37b0]  (no source info available)
C  [KERNEL32.DLL+0x2e8d7]  (no source info available)
C  [ntdll.dll+0x8d9c]  (no source info available)

Lock stack of current Java thread (top to bottom):


---------------  P R O C E S S  ---------------

Threads class SMR info:
_java_thread_list=0x00007ffac515f318, length=0, elements={
}

Java Threads: ( => current thread )
Total: 0

Other Threads:

=>0x0000023a697cf350 (exited) JavaThread "Unknown thread"    [_thread_in_vm, id=18140, stack(0x000000a366a00000,0x000000a366b00000) (1024K)]
Total: 1

Threads with active compile tasks:
Total: 0

VM state: not at safepoint (not fully initialized)

VM Mutex/Monitor currently owned by a thread: None

Heap address: 0x0000000000000000, size: 0 MB, Compressed Oops mode: 32-bit

CDS archive(s) mapped at: [0x0000000000000000-0x0000000000000000-0x0000000000000000), size 0, SharedBaseAddress: 0x0000000800000000, ArchiveRelocationMode: 1.
UseCompressedClassPointers 1, UseCompactObjectHeaders 0
Narrow klass pointer bits 32, Max shift 3
Narrow klass base: 0xffffffffffffffff, Narrow klass shift: -1
Encoding Range: [0xffffffffffffffff - 0x000000007fffffff), (2147483648 bytes)
Klass Range:    [0x0000000000000000 - 0x0000000000000000), (0 bytes)
Klass ID Range:  [4294967295 - 0) (1)

GC Precious Log:
 CardTable entry size: 512
 Card Set container configuration: InlinePtr #cards 5 size 8 Array Of Cards #cards 10 size 36 Howl #buckets 4 coarsen threshold 1843 Howl Bitmap #cards 512 size 80 coarsen threshold 460 Card regions per heap region 1 cards per card region 2048

GC Heap History (0 events):
No events

Dll operation events (1 events):
Event: 0.032 Loaded shared library C:\Program Files\Java\jdk-24\bin\java.dll

Deoptimization events (0 events):
No events

Classes loaded (0 events):
No events

Classes unloaded (0 events):
No events

Classes redefined (0 events):
No events

Internal exceptions (0 events):
No events

VM Operations (0 events):
No events

Memory protections (0 events):
No events

Nmethod flushes (0 events):
No events

Events (0 events):
No events


Dynamic libraries:
0x00007ff6e6ce0000 - 0x00007ff6e6cf0000 	C:\Program Files\Java\jdk-24\bin\java.exe
0x00007ffb4c160000 - 0x00007ffb4c3c9000 	C:\WINDOWS\SYSTEM32\ntdll.dll
0x00007ffb4a170000 - 0x00007ffb4a239000 	C:\WINDOWS\System32\KERNEL32.DLL
0x00007ffb495a0000 - 0x00007ffb49993000 	C:\WINDOWS\System32\KERNELBASE.dll
0x00007ffb49b80000 - 0x00007ffb49ccb000 	C:\WINDOWS\System32\ucrtbase.dll
0x00007ffb36430000 - 0x00007ffb3644b000 	C:\Program Files\Java\jdk-24\bin\VCRUNTIME140.dll
0x00007ffb235c0000 - 0x00007ffb235d6000 	C:\Program Files\Java\jdk-24\bin\jli.dll
0x00007ffb4a240000 - 0x00007ffb4a404000 	C:\WINDOWS\System32\USER32.dll
0x00007ffb49cd0000 - 0x00007ffb49cf7000 	C:\WINDOWS\System32\win32u.dll
0x00007ffb33420000 - 0x00007ffb336b3000 	C:\WINDOWS\WinSxS\amd64_microsoft.windows.common-controls_6595b64144ccf1df_6.0.26100.5074_none_3e0d6f78e32fd63f\COMCTL32.dll
0x00007ffb4b870000 - 0x00007ffb4b919000 	C:\WINDOWS\System32\msvcrt.dll
0x00007ffb4a620000 - 0x00007ffb4a64b000 	C:\WINDOWS\System32\GDI32.dll
0x00007ffb49a50000 - 0x00007ffb49b7d000 	C:\WINDOWS\System32\gdi32full.dll
0x00007ffb499a0000 - 0x00007ffb49a43000 	C:\WINDOWS\System32\msvcp_win.dll
0x00007ffb4ae30000 - 0x00007ffb4ae5f000 	C:\WINDOWS\System32\IMM32.DLL
0x00007ffb3f260000 - 0x00007ffb3f26c000 	C:\Program Files\Java\jdk-24\bin\vcruntime140_1.dll
0x00007ffb0a610000 - 0x00007ffb0a69e000 	C:\Program Files\Java\jdk-24\bin\msvcp140.dll
0x00007ffac4520000 - 0x00007ffac52c1000 	C:\Program Files\Java\jdk-24\bin\server\jvm.dll
0x00007ffb4b670000 - 0x00007ffb4b724000 	C:\WINDOWS\System32\ADVAPI32.dll
0x00007ffb4a410000 - 0x00007ffb4a4b6000 	C:\WINDOWS\System32\sechost.dll
0x00007ffb4b750000 - 0x00007ffb4b868000 	C:\WINDOWS\System32\RPCRT4.dll
0x00007ffb4bec0000 - 0x00007ffb4bf34000 	C:\WINDOWS\System32\WS2_32.dll
0x00007ffb49150000 - 0x00007ffb491ae000 	C:\WINDOWS\SYSTEM32\POWRPROF.dll
0x00007ffb42540000 - 0x00007ffb4254b000 	C:\WINDOWS\SYSTEM32\VERSION.dll
0x00007ffb42500000 - 0x00007ffb42535000 	C:\WINDOWS\SYSTEM32\WINMM.dll
0x00007ffb49130000 - 0x00007ffb49144000 	C:\WINDOWS\SYSTEM32\UMPDC.dll
0x00007ffb480d0000 - 0x00007ffb480eb000 	C:\WINDOWS\SYSTEM32\kernel.appcore.dll
0x00007ffb36420000 - 0x00007ffb3642a000 	C:\Program Files\Java\jdk-24\bin\jimage.dll
0x00007ffb46850000 - 0x00007ffb46a92000 	C:\WINDOWS\SYSTEM32\DBGHELP.DLL
0x00007ffb4ae70000 - 0x00007ffb4b1eb000 	C:\WINDOWS\System32\combase.dll
0x00007ffb4b380000 - 0x00007ffb4b457000 	C:\WINDOWS\System32\OLEAUT32.dll
0x00007ffb32140000 - 0x00007ffb3217d000 	C:\WINDOWS\SYSTEM32\dbgcore.DLL
0x00007ffb49500000 - 0x00007ffb49599000 	C:\WINDOWS\System32\bcryptPrimitives.dll
0x00007ffb235a0000 - 0x00007ffb235be000 	C:\Program Files\Java\jdk-24\bin\java.dll
0x00007ffb4b460000 - 0x00007ffb4b5f8000 	C:\WINDOWS\System32\ole32.dll
0x00007ffb4a650000 - 0x00007ffb4ad9d000 	C:\WINDOWS\System32\SHELL32.dll
0x00007ffb49d00000 - 0x00007ffb49e6c000 	C:\WINDOWS\System32\wintypes.dll

JVMTI agents: none

dbghelp: loaded successfully - version: 4.0.5 - missing functions: none
symbol engine: initialized successfully - sym options: 0x614 - pdb path: .;C:\Program Files\Java\jdk-24\bin;C:\WINDOWS\SYSTEM32;C:\WINDOWS\WinSxS\amd64_microsoft.windows.common-controls_6595b64144ccf1df_6.0.26100.5074_none_3e0d6f78e32fd63f;C:\Program Files\Java\jdk-24\bin\server

VM Arguments:
jvm_args: --enable-preview -XX:+ShowCodeDetailsInExceptionMessages 
java_command: jobsheet5.ifCetakKRSNoPresensi
java_class_path (initial): C:\Users\ASUS\AppData\Roaming\Code\User\workspaceStorage\9334b515205f2e9381a68ec0f98cf2a1\redhat.java\jdt_ws\PraktikumDaspro02_f7da2e9d\bin
Launcher Type: SUN_STANDARD

[Global flags]
     intx CICompilerCount                          = 3                                         {product} {ergonomic}
     uint ConcGCThreads                            = 1                                         {product} {ergonomic}
     uint G1ConcRefinementThreads                  = 4                                         {product} {ergonomic}
   size_t G1HeapRegionSize                         = 1048576                                   {product} {ergonomic}
   size_t InitialHeapSize                          = 58720256                                  {product} {ergonomic}
   size_t MarkStackSize                            = 4194304                                   {product} {ergonomic}
   size_t MaxHeapSize                              = 926941184                                 {product} {ergonomic}
   size_t MinHeapDeltaBytes                        = 1048576                                   {product} {ergonomic}
   size_t MinHeapSize                              = 8388608                                   {product} {ergonomic}
    uintx NonNMethodCodeHeapSize                   = 5832704                                {pd product} {ergonomic}
    uintx NonProfiledCodeHeapSize                  = 122945536                              {pd product} {ergonomic}
    uintx ProfiledCodeHeapSize                     = 122880000                              {pd product} {ergonomic}
    uintx ReservedCodeCacheSize                    = 251658240                              {pd product} {ergonomic}
     bool SegmentedCodeCache                       = true                                      {product} {ergonomic}
     bool ShowCodeDetailsInExceptionMessages       = true                                   {manageable} {command line}
   size_t SoftMaxHeapSize                          = 926941184                              {manageable} {ergonomic}
     bool UseCompressedOops                        = true                           {product lp64_product} {ergonomic}
     bool UseG1GC                                  = true                                      {product} {ergonomic}
     bool UseLargePagesIndividualAllocation        = false                                  {pd product} {ergonomic}

Logging:
Log output configuration:
 #0: stdout all=warning uptime,level,tags foldmultilines=false
 #1: stderr all=off uptime,level,tags foldmultilines=false

Environment Variables:
PATH=C:\Program Files\Common Files\Oracle\Java\javapath;C:\WINDOWS\system32;C:\WINDOWS;C:\WINDOWS\System32\Wbem;C:\WINDOWS\System32\WindowsPowerShell\v1.0\;C:\WINDOWS\System32\OpenSSH\;C:\Javaaditya;C:\Program Files\Git\cmd;C:\Users\ASUS\AppData\Local\Microsoft\WindowsApps;C:\Program Files\Java\jdk-24\bin;C:\Users\ASUS\AppData\Local\Programs\Microsoft VS Code\bin
USERNAME=ASUS
LANG=en_US.UTF-8
OS=Windows_NT
PROCESSOR_IDENTIFIER=AMD64 Family 23 Model 24 Stepping 1, AuthenticAMD
TMP=C:\Users\ASUS\AppData\Local\Temp
TEMP=C:\Users\ASUS\AppData\Local\Temp




Periodic native trim disabled

---------------  S Y S T E M  ---------------

OS:
 Windows 11 , 64 bit Build 26100 (10.0.26100.5074)
OS uptime: 16 days 23:36 hours

CPU: total 4 (initial active 4) (4 cores per cpu, 2 threads per core) family 23 model 24 stepping 1 microcode 0x8108109, cx8, cmov, fxsr, ht, mmx, 3dnowpref, sse, sse2, sse3, ssse3, sse4a, sse4.1, sse4.2, popcnt, lzcnt, tsc, tscinvbit, avx, avx2, aes, clmul, bmi1, bmi2, adx, sha, fma, vzeroupper, clflush, clflushopt, rdtscp, f16c
Processor Information for the first 4 processors :
  Max Mhz: 2600, Current Mhz: 2600, Mhz Limit: 2600

Memory: 4k page, system-wide physical 3534M (219M free)
TotalPageFile size 14286M (AvailPageFile size 1M)
current process WorkingSet (physical memory assigned to process): 12M, peak: 12M
current process commit charge ("private bytes"): 14M, peak: 15M

vm_info: Java HotSpot(TM) 64-Bit Server VM (24.0.2+12-54) for windows-amd64 JRE (24.0.2+12-54), built on 2025-07-08T12:10:27Z with MS VC++ 17.6 (VS2022)

END.
